#
# There is insufficient memory for the Java Runtime Environment to continue.
# Native memory allocation (malloc) failed to allocate 1056256 bytes for Chunk::new
# Possible reasons:
#   The system is out of physical RAM or swap space
#   The process is running with CompressedOops enabled, and the Java Heap may be blocking the growth of the native heap
# Possible solutions:
#   Reduce memory load on the system
#   Increase physical memory or swap space
#   Check if swap backing store is full
#   Decrease Java heap size (-Xmx/-Xms)
#   Decrease number of Java threads
#   Decrease Java thread stack sizes (-Xss)
#   Set larger code cache with -XX:ReservedCodeCacheSize=
#   JVM is running with Unscaled Compressed Oops mode in which the Java heap is
#     placed in the first 4GB address space. The Java Heap base address is the
#     maximum limit for the native heap growth. Please use -XX:HeapBaseMinAddress
#     to set the Java Heap base and to place the Java Heap above 4GB virtual address.
# This output file may be truncated or incomplete.
#
#  Out of Memory Error (arena.cpp:168), pid=60820, tid=38520
#
# JRE version: Java(TM) SE Runtime Environment (21.0.9+7) (build 21.0.9+7-LTS-338)
# Java VM: Java HotSpot(TM) 64-Bit Server VM (21.0.9+7-LTS-338, mixed mode, sharing, tiered, compressed oops, compressed class ptrs, g1 gc, windows-amd64)
# No core dump will be written. Minidumps are not enabled by default on client versions of Windows
#

---------------  S U M M A R Y ------------

Command Line: -Dclassworlds.conf=C:\Projects\jorm-project\jorm\apache-maven-3.9.6\bin\m2.conf -Dmaven.home=C:\Projects\jorm-project\jorm\apache-maven-3.9.6 -Dlibrary.jansi.path=C:\Projects\jorm-project\jorm\apache-maven-3.9.6\lib\jansi-native -Dmaven.multiModuleProjectDirectory=C:\Projects\jorm-project\jorm org.codehaus.plexus.classworlds.launcher.Launcher install -DskipTests

Host: Intel(R) Core(TM) i5-3570 CPU @ 3.40GHz, 4 cores, 7G,  Windows 11 , 64 bit Build 22000 (10.0.22000.2538)
Time: Mon May 25 19:35:11 2026 Hora de Verăo de GMT elapsed time: 37.842264 seconds (0d 0h 0m 37s)

---------------  T H R E A D  ---------------

Current thread (0x000001e9933b6f10):  JavaThread "C2 CompilerThread0" daemon [_thread_in_native, id=38520, stack(0x000000e0f0700000,0x000000e0f0800000) (1024K)]


Current CompileTask:
C2:  37842 9207       4       org.codehaus.plexus.classworlds.realm.ClassRealm::loadClass (7 bytes)

Stack: [0x000000e0f0700000,0x000000e0f0800000]
Native frames: (J=compiled Java code, j=interpreted, Vv=VM code, C=native code)
V  [jvm.dll+0x6cbf89]
V  [jvm.dll+0x858421]
V  [jvm.dll+0x85a94e]
V  [jvm.dll+0x85b023]
V  [jvm.dll+0x27ebc6]
V  [jvm.dll+0xc4f4d]
V  [jvm.dll+0xc5483]
V  [jvm.dll+0x2f1f8d]
V  [jvm.dll+0x5f6cea]
V  [jvm.dll+0x2506d2]
V  [jvm.dll+0x24903f]
V  [jvm.dll+0x246b14]
V  [jvm.dll+0x1c7a3e]
V  [jvm.dll+0x256329]
V  [jvm.dll+0x2548ba]
V  [jvm.dll+0x3efdee]
V  [jvm.dll+0x80265b]
V  [jvm.dll+0x6ca66d]
C  [ucrtbase.dll+0x26c0c]
C  [KERNEL32.DLL+0x153e0]
C  [ntdll.dll+0x485b]


---------------  P R O C E S S  ---------------

Threads class SMR info:
_java_thread_list=0x000001e9d912de30, length=12, elements={
0x000001e9f52eaff0, 0x000001e9933a2210, 0x000001e9933a2c70, 0x000001e9933aa4c0,
0x000001e9933ab2d0, 0x000001e9933afd40, 0x000001e9933b2880, 0x000001e9933b6f10,
0x000001e9933b76f0, 0x000001e9936446b0, 0x000001e99364a320, 0x000001e9d93d1dc0
}

Java Threads: ( => current thread )
  0x000001e9f52eaff0 JavaThread "main"                              [_thread_in_Java, id=78076, stack(0x000000e0ef900000,0x000000e0efa00000) (1024K)]
  0x000001e9933a2210 JavaThread "Reference Handler"          daemon [_thread_blocked, id=75728, stack(0x000000e0f0100000,0x000000e0f0200000) (1024K)]
  0x000001e9933a2c70 JavaThread "Finalizer"                  daemon [_thread_blocked, id=16208, stack(0x000000e0f0200000,0x000000e0f0300000) (1024K)]
  0x000001e9933aa4c0 JavaThread "Signal Dispatcher"          daemon [_thread_blocked, id=76352, stack(0x000000e0f0300000,0x000000e0f0400000) (1024K)]
  0x000001e9933ab2d0 JavaThread "Attach Listener"            daemon [_thread_blocked, id=41932, stack(0x000000e0f0400000,0x000000e0f0500000) (1024K)]
  0x000001e9933afd40 JavaThread "Service Thread"             daemon [_thread_blocked, id=35988, stack(0x000000e0f0500000,0x000000e0f0600000) (1024K)]
  0x000001e9933b2880 JavaThread "Monitor Deflation Thread"   daemon [_thread_blocked, id=7292, stack(0x000000e0f0600000,0x000000e0f0700000) (1024K)]
=>0x000001e9933b6f10 JavaThread "C2 CompilerThread0"         daemon [_thread_in_native, id=38520, stack(0x000000e0f0700000,0x000000e0f0800000) (1024K)]
  0x000001e9933b76f0 JavaThread "C1 CompilerThread0"         daemon [_thread_blocked, id=33264, stack(0x000000e0f0800000,0x000000e0f0900000) (1024K)]
  0x000001e9936446b0 JavaThread "Notification Thread"        daemon [_thread_blocked, id=27588, stack(0x000000e0f0900000,0x000000e0f0a00000) (1024K)]
  0x000001e99364a320 JavaThread "Common-Cleaner"             daemon [_thread_blocked, id=52196, stack(0x000000e0f0a00000,0x000000e0f0b00000) (1024K)]
  0x000001e9d93d1dc0 JavaThread "C2 CompilerThread1"         daemon [_thread_in_native, id=69516, stack(0x000000e0ef200000,0x000000e0ef300000) (1024K)]
Total: 12

Other Threads:
  0x000001e9933831c0 VMThread "VM Thread"                           [id=53480, stack(0x000000e0f0000000,0x000000e0f0100000) (1024K)]
  0x000001e99336cfe0 WatcherThread "VM Periodic Task Thread"        [id=89552, stack(0x000000e0eff00000,0x000000e0f0000000) (1024K)]
  0x000001e9f533e650 WorkerThread "GC Thread#0"                     [id=92336, stack(0x000000e0efa00000,0x000000e0efb00000) (1024K)]
  0x000001e9d93e9750 WorkerThread "GC Thread#1"                     [id=68188, stack(0x000000e0f0b00000,0x000000e0f0c00000) (1024K)]
  0x000001e9d9726f10 WorkerThread "GC Thread#2"                     [id=32224, stack(0x000000e0f0c00000,0x000000e0f0d00000) (1024K)]
  0x000001e9d96d4b80 WorkerThread "GC Thread#3"                     [id=18992, stack(0x000000e0f0d00000,0x000000e0f0e00000) (1024K)]
  0x000001e9f534f430 ConcurrentGCThread "G1 Main Marker"            [id=88016, stack(0x000000e0efb00000,0x000000e0efc00000) (1024K)]
  0x000001e9f5350f50 WorkerThread "G1 Conc#0"                       [id=81700, stack(0x000000e0efc00000,0x000000e0efd00000) (1024K)]
  0x000001e993230fb0 ConcurrentGCThread "G1 Refine#0"               [id=41692, stack(0x000000e0efd00000,0x000000e0efe00000) (1024K)]
  0x000001e993231b30 ConcurrentGCThread "G1 Service"                [id=89200, stack(0x000000e0efe00000,0x000000e0eff00000) (1024K)]
Total: 10

Threads with active compile tasks:
C2 CompilerThread0    37917 9207       4       org.codehaus.plexus.classworlds.realm.ClassRealm::loadClass (7 bytes)
C2 CompilerThread1    37917 9208   !   4       org.codehaus.plexus.classworlds.realm.ClassRealm::loadClass (33 bytes)
Total: 2

VM state: not at safepoint (normal execution)

VM Mutex/Monitor currently owned by a thread: None

Heap address: 0x0000000081e00000, size: 2018 MB, Compressed Oops mode: 32-bit

CDS archive(s) mapped at: [0x000001e994000000-0x000001e994c90000-0x000001e994c90000), size 13172736, SharedBaseAddress: 0x000001e994000000, ArchiveRelocationMode: 1.
Compressed class space mapped at: 0x000001e995000000-0x000001e9d5000000, reserved size: 1073741824
Narrow klass base: 0x000001e994000000, Narrow klass shift: 0, Narrow klass range: 0x100000000

GC Precious Log:
 CardTable entry size: 512
 Card Set container configuration: InlinePtr #cards 5 size 8 Array Of Cards #cards 12 size 40 Howl #buckets 4 coarsen threshold 1843 Howl Bitmap #cards 512 size 80 coarsen threshold 460 Card regions per heap region 1 cards per card region 2048
 CPUs: 4 total, 4 available
 Memory: 8066M
 Large Page Support: Disabled
 NUMA Support: Disabled
 Compressed Oops: Enabled (32-bit)
 Heap Region Size: 1M
 Heap Min Capacity: 8M
 Heap Initial Capacity: 128M
 Heap Max Capacity: 2018M
 Pre-touch: Disabled
 Parallel Workers: 4
 Concurrent Workers: 1
 Concurrent Refinement Workers: 4
 Periodic GC: Disabled

Heap:
 garbage-first heap   total 189440K, used 64429K [0x0000000081e00000, 0x0000000100000000)
  region size 1024K, 12 young (12288K), 3 survivors (3072K)
 Metaspace       used 38632K, committed 39104K, reserved 1114112K
  class space    used 4416K, committed 4608K, reserved 1048576K

Heap Regions: E=young(eden), S=young(survivor), O=old, HS=humongous(starts), HC=humongous(continues), CS=collection set, F=free, TAMS=top-at-mark-start, PB=parsable bottom
|   0|0x0000000081e00000, 0x0000000081f00000, 0x0000000081f00000|100%| O|  |TAMS 0x0000000081e00000| PB 0x0000000081e00000| Untracked 
|   1|0x0000000081f00000, 0x0000000082000000, 0x0000000082000000|100%| O|  |TAMS 0x0000000081f00000| PB 0x0000000081f00000| Untracked 
|   2|0x0000000082000000, 0x0000000082100000, 0x0000000082100000|100%| O|  |TAMS 0x0000000082000000| PB 0x0000000082000000| Untracked 
|   3|0x0000000082100000, 0x0000000082200000, 0x0000000082200000|100%| O|  |TAMS 0x0000000082100000| PB 0x0000000082100000| Untracked 
|   4|0x0000000082200000, 0x0000000082300000, 0x0000000082300000|100%| O|  |TAMS 0x0000000082200000| PB 0x0000000082200000| Untracked 
|   5|0x0000000082300000, 0x0000000082400000, 0x0000000082400000|100%| O|  |TAMS 0x0000000082300000| PB 0x0000000082300000| Untracked 
|   6|0x0000000082400000, 0x0000000082500000, 0x0000000082500000|100%| O|  |TAMS 0x0000000082400000| PB 0x0000000082400000| Untracked 
|   7|0x0000000082500000, 0x0000000082600000, 0x0000000082600000|100%| O|  |TAMS 0x0000000082500000| PB 0x0000000082500000| Untracked 
|   8|0x0000000082600000, 0x0000000082700000, 0x0000000082700000|100%| O|  |TAMS 0x0000000082600000| PB 0x0000000082600000| Untracked 
|   9|0x0000000082700000, 0x0000000082800000, 0x0000000082800000|100%| O|  |TAMS 0x0000000082700000| PB 0x0000000082700000| Untracked 
|  10|0x0000000082800000, 0x0000000082900000, 0x0000000082900000|100%| O|  |TAMS 0x0000000082800000| PB 0x0000000082800000| Untracked 
|  11|0x0000000082900000, 0x0000000082a00000, 0x0000000082a00000|100%| O|  |TAMS 0x0000000082900000| PB 0x0000000082900000| Untracked 
|  12|0x0000000082a00000, 0x0000000082b00000, 0x0000000082b00000|100%| O|  |TAMS 0x0000000082a00000| PB 0x0000000082a00000| Untracked 
|  13|0x0000000082b00000, 0x0000000082c00000, 0x0000000082c00000|100%| O|  |TAMS 0x0000000082b00000| PB 0x0000000082b00000| Untracked 
|  14|0x0000000082c00000, 0x0000000082d00000, 0x0000000082d00000|100%| O|  |TAMS 0x0000000082c00000| PB 0x0000000082c00000| Untracked 
|  15|0x0000000082d00000, 0x0000000082e00000, 0x0000000082e00000|100%| O|  |TAMS 0x0000000082d00000| PB 0x0000000082d00000| Untracked 
|  16|0x0000000082e00000, 0x0000000082f00000, 0x0000000082f00000|100%| O|  |TAMS 0x0000000082e00000| PB 0x0000000082e00000| Untracked 
|  17|0x0000000082f00000, 0x0000000083000000, 0x0000000083000000|100%| O|  |TAMS 0x0000000082f00000| PB 0x0000000082f00000| Untracked 
|  18|0x0000000083000000, 0x0000000083100000, 0x0000000083100000|100%| O|  |TAMS 0x0000000083000000| PB 0x0000000083000000| Untracked 
|  19|0x0000000083100000, 0x0000000083200000, 0x0000000083200000|100%|HS|  |TAMS 0x0000000083100000| PB 0x0000000083100000| Complete 
|  20|0x0000000083200000, 0x0000000083300000, 0x0000000083300000|100%|HC|  |TAMS 0x0000000083200000| PB 0x0000000083200000| Complete 
|  21|0x0000000083300000, 0x0000000083400000, 0x0000000083400000|100%|HC|  |TAMS 0x0000000083300000| PB 0x0000000083300000| Complete 
|  22|0x0000000083400000, 0x0000000083500000, 0x0000000083500000|100%|HS|  |TAMS 0x0000000083400000| PB 0x0000000083400000| Complete 
|  23|0x0000000083500000, 0x0000000083600000, 0x0000000083600000|100%|HC|  |TAMS 0x0000000083500000| PB 0x0000000083500000| Complete 
|  24|0x0000000083600000, 0x0000000083700000, 0x0000000083700000|100%|HC|  |TAMS 0x0000000083600000| PB 0x0000000083600000| Complete 
|  25|0x0000000083700000, 0x0000000083800000, 0x0000000083800000|100%|HS|  |TAMS 0x0000000083700000| PB 0x0000000083700000| Complete 
|  26|0x0000000083800000, 0x0000000083900000, 0x0000000083900000|100%|HC|  |TAMS 0x0000000083800000| PB 0x0000000083800000| Complete 
|  27|0x0000000083900000, 0x0000000083a00000, 0x0000000083a00000|100%|HC|  |TAMS 0x0000000083900000| PB 0x0000000083900000| Complete 
|  28|0x0000000083a00000, 0x0000000083b00000, 0x0000000083b00000|100%|HS|  |TAMS 0x0000000083a00000| PB 0x0000000083a00000| Complete 
|  29|0x0000000083b00000, 0x0000000083c00000, 0x0000000083c00000|100%| O|  |TAMS 0x0000000083b00000| PB 0x0000000083b00000| Untracked 
|  30|0x0000000083c00000, 0x0000000083d00000, 0x0000000083d00000|100%|HS|  |TAMS 0x0000000083c00000| PB 0x0000000083c00000| Complete 
|  31|0x0000000083d00000, 0x0000000083e00000, 0x0000000083e00000|100%|HC|  |TAMS 0x0000000083d00000| PB 0x0000000083d00000| Complete 
|  32|0x0000000083e00000, 0x0000000083f00000, 0x0000000083f00000|100%|HC|  |TAMS 0x0000000083e00000| PB 0x0000000083e00000| Complete 
|  33|0x0000000083f00000, 0x0000000084000000, 0x0000000084000000|100%|HS|  |TAMS 0x0000000083f00000| PB 0x0000000083f00000| Complete 
|  34|0x0000000084000000, 0x0000000084100000, 0x0000000084100000|100%|HC|  |TAMS 0x0000000084000000| PB 0x0000000084000000| Complete 
|  35|0x0000000084100000, 0x0000000084200000, 0x0000000084200000|100%|HC|  |TAMS 0x0000000084100000| PB 0x0000000084100000| Complete 
|  36|0x0000000084200000, 0x0000000084300000, 0x0000000084300000|100%|HS|  |TAMS 0x0000000084200000| PB 0x0000000084200000| Complete 
|  37|0x0000000084300000, 0x0000000084400000, 0x0000000084400000|100%|HC|  |TAMS 0x0000000084300000| PB 0x0000000084300000| Complete 
|  38|0x0000000084400000, 0x0000000084500000, 0x0000000084500000|100%|HC|  |TAMS 0x0000000084400000| PB 0x0000000084400000| Complete 
|  39|0x0000000084500000, 0x0000000084600000, 0x0000000084600000|100%|HS|  |TAMS 0x0000000084500000| PB 0x0000000084500000| Complete 
|  40|0x0000000084600000, 0x0000000084700000, 0x0000000084700000|100%|HC|  |TAMS 0x0000000084600000| PB 0x0000000084600000| Complete 
|  41|0x0000000084700000, 0x0000000084800000, 0x0000000084800000|100%|HC|  |TAMS 0x0000000084700000| PB 0x0000000084700000| Complete 
|  42|0x0000000084800000, 0x0000000084900000, 0x0000000084900000|100%|HS|  |TAMS 0x0000000084800000| PB 0x0000000084800000| Complete 
|  43|0x0000000084900000, 0x0000000084a00000, 0x0000000084a00000|100%|HC|  |TAMS 0x0000000084900000| PB 0x0000000084900000| Complete 
|  44|0x0000000084a00000, 0x0000000084b00000, 0x0000000084b00000|100%|HC|  |TAMS 0x0000000084a00000| PB 0x0000000084a00000| Complete 
|  45|0x0000000084b00000, 0x0000000084b00000, 0x0000000084c00000|  0%| F|  |TAMS 0x0000000084b00000| PB 0x0000000084b00000| Untracked 
|  46|0x0000000084c00000, 0x0000000084c00000, 0x0000000084d00000|  0%| F|  |TAMS 0x0000000084c00000| PB 0x0000000084c00000| Untracked 
|  47|0x0000000084d00000, 0x0000000084d00000, 0x0000000084e00000|  0%| F|  |TAMS 0x0000000084d00000| PB 0x0000000084d00000| Untracked 
|  48|0x0000000084e00000, 0x0000000084e00000, 0x0000000084f00000|  0%| F|  |TAMS 0x0000000084e00000| PB 0x0000000084e00000| Untracked 
|  49|0x0000000084f00000, 0x0000000084f00000, 0x0000000085000000|  0%| F|  |TAMS 0x0000000084f00000| PB 0x0000000084f00000| Untracked 
|  50|0x0000000085000000, 0x0000000085000000, 0x0000000085100000|  0%| F|  |TAMS 0x0000000085000000| PB 0x0000000085000000| Untracked 
|  51|0x0000000085100000, 0x0000000085200000, 0x0000000085200000|100%| O|  |TAMS 0x0000000085100000| PB 0x0000000085100000| Untracked 
|  52|0x0000000085200000, 0x0000000085300000, 0x0000000085300000|100%| O|  |TAMS 0x0000000085200000| PB 0x0000000085200000| Untracked 
|  53|0x0000000085300000, 0x0000000085400000, 0x0000000085400000|100%| O|  |TAMS 0x0000000085300000| PB 0x0000000085300000| Untracked 
|  54|0x0000000085400000, 0x000000008543b8f0, 0x0000000085500000| 23%| O|  |TAMS 0x0000000085400000| PB 0x0000000085400000| Untracked 
|  55|0x0000000085500000, 0x0000000085500000, 0x0000000085600000|  0%| F|  |TAMS 0x0000000085500000| PB 0x0000000085500000| Untracked 
|  56|0x0000000085600000, 0x0000000085600000, 0x0000000085700000|  0%| F|  |TAMS 0x0000000085600000| PB 0x0000000085600000| Untracked 
|  57|0x0000000085700000, 0x0000000085700000, 0x0000000085800000|  0%| F|  |TAMS 0x0000000085700000| PB 0x0000000085700000| Untracked 
|  58|0x0000000085800000, 0x0000000085800000, 0x0000000085900000|  0%| F|  |TAMS 0x0000000085800000| PB 0x0000000085800000| Untracked 
|  59|0x0000000085900000, 0x0000000085900000, 0x0000000085a00000|  0%| F|  |TAMS 0x0000000085900000| PB 0x0000000085900000| Untracked 
|  60|0x0000000085a00000, 0x0000000085a00000, 0x0000000085b00000|  0%| F|  |TAMS 0x0000000085a00000| PB 0x0000000085a00000| Untracked 
|  61|0x0000000085b00000, 0x0000000085b00000, 0x0000000085c00000|  0%| F|  |TAMS 0x0000000085b00000| PB 0x0000000085b00000| Untracked 
|  62|0x0000000085c00000, 0x0000000085c00000, 0x0000000085d00000|  0%| F|  |TAMS 0x0000000085c00000| PB 0x0000000085c00000| Untracked 
|  63|0x0000000085d00000, 0x0000000085d00000, 0x0000000085e00000|  0%| F|  |TAMS 0x0000000085d00000| PB 0x0000000085d00000| Untracked 
|  64|0x0000000085e00000, 0x0000000085e00000, 0x0000000085f00000|  0%| F|  |TAMS 0x0000000085e00000| PB 0x0000000085e00000| Untracked 
|  65|0x0000000085f00000, 0x0000000085f00000, 0x0000000086000000|  0%| F|  |TAMS 0x0000000085f00000| PB 0x0000000085f00000| Untracked 
|  66|0x0000000086000000, 0x0000000086000000, 0x0000000086100000|  0%| F|  |TAMS 0x0000000086000000| PB 0x0000000086000000| Untracked 
|  67|0x0000000086100000, 0x0000000086100000, 0x0000000086200000|  0%| F|  |TAMS 0x0000000086100000| PB 0x0000000086100000| Untracked 
|  68|0x0000000086200000, 0x0000000086200000, 0x0000000086300000|  0%| F|  |TAMS 0x0000000086200000| PB 0x0000000086200000| Untracked 
|  69|0x0000000086300000, 0x0000000086300000, 0x0000000086400000|  0%| F|  |TAMS 0x0000000086300000| PB 0x0000000086300000| Untracked 
|  70|0x0000000086400000, 0x0000000086400000, 0x0000000086500000|  0%| F|  |TAMS 0x0000000086400000| PB 0x0000000086400000| Untracked 
|  71|0x0000000086500000, 0x0000000086500000, 0x0000000086600000|  0%| F|  |TAMS 0x0000000086500000| PB 0x0000000086500000| Untracked 
|  72|0x0000000086600000, 0x0000000086600000, 0x0000000086700000|  0%| F|  |TAMS 0x0000000086600000| PB 0x0000000086600000| Untracked 
|  73|0x0000000086700000, 0x0000000086700000, 0x0000000086800000|  0%| F|  |TAMS 0x0000000086700000| PB 0x0000000086700000| Untracked 
|  74|0x0000000086800000, 0x0000000086800000, 0x0000000086900000|  0%| F|  |TAMS 0x0000000086800000| PB 0x0000000086800000| Untracked 
|  75|0x0000000086900000, 0x0000000086900000, 0x0000000086a00000|  0%| F|  |TAMS 0x0000000086900000| PB 0x0000000086900000| Untracked 
|  76|0x0000000086a00000, 0x0000000086a00000, 0x0000000086b00000|  0%| F|  |TAMS 0x0000000086a00000| PB 0x0000000086a00000| Untracked 
|  77|0x0000000086b00000, 0x0000000086b00000, 0x0000000086c00000|  0%| F|  |TAMS 0x0000000086b00000| PB 0x0000000086b00000| Untracked 
|  78|0x0000000086c00000, 0x0000000086c00000, 0x0000000086d00000|  0%| F|  |TAMS 0x0000000086c00000| PB 0x0000000086c00000| Untracked 
|  79|0x0000000086d00000, 0x0000000086d00000, 0x0000000086e00000|  0%| F|  |TAMS 0x0000000086d00000| PB 0x0000000086d00000| Untracked 
|  80|0x0000000086e00000, 0x0000000086e00000, 0x0000000086f00000|  0%| F|  |TAMS 0x0000000086e00000| PB 0x0000000086e00000| Untracked 
|  81|0x0000000086f00000, 0x0000000086f00000, 0x0000000087000000|  0%| F|  |TAMS 0x0000000086f00000| PB 0x0000000086f00000| Untracked 
|  82|0x0000000087000000, 0x0000000087000000, 0x0000000087100000|  0%| F|  |TAMS 0x0000000087000000| PB 0x0000000087000000| Untracked 
|  83|0x0000000087100000, 0x0000000087100000, 0x0000000087200000|  0%| F|  |TAMS 0x0000000087100000| PB 0x0000000087100000| Untracked 
|  84|0x0000000087200000, 0x0000000087200000, 0x0000000087300000|  0%| F|  |TAMS 0x0000000087200000| PB 0x0000000087200000| Untracked 
|  85|0x0000000087300000, 0x0000000087300000, 0x0000000087400000|  0%| F|  |TAMS 0x0000000087300000| PB 0x0000000087300000| Untracked 
|  86|0x0000000087400000, 0x0000000087400000, 0x0000000087500000|  0%| F|  |TAMS 0x0000000087400000| PB 0x0000000087400000| Untracked 
|  87|0x0000000087500000, 0x0000000087500000, 0x0000000087600000|  0%| F|  |TAMS 0x0000000087500000| PB 0x0000000087500000| Untracked 
|  88|0x0000000087600000, 0x0000000087600000, 0x0000000087700000|  0%| F|  |TAMS 0x0000000087600000| PB 0x0000000087600000| Untracked 
|  89|0x0000000087700000, 0x0000000087700000, 0x0000000087800000|  0%| F|  |TAMS 0x0000000087700000| PB 0x0000000087700000| Untracked 
|  90|0x0000000087800000, 0x0000000087800000, 0x0000000087900000|  0%| F|  |TAMS 0x0000000087800000| PB 0x0000000087800000| Untracked 
|  91|0x0000000087900000, 0x0000000087900000, 0x0000000087a00000|  0%| F|  |TAMS 0x0000000087900000| PB 0x0000000087900000| Untracked 
|  92|0x0000000087a00000, 0x0000000087a00000, 0x0000000087b00000|  0%| F|  |TAMS 0x0000000087a00000| PB 0x0000000087a00000| Untracked 
|  93|0x0000000087b00000, 0x0000000087b00000, 0x0000000087c00000|  0%| F|  |TAMS 0x0000000087b00000| PB 0x0000000087b00000| Untracked 
|  94|0x0000000087c00000, 0x0000000087c00000, 0x0000000087d00000|  0%| F|  |TAMS 0x0000000087c00000| PB 0x0000000087c00000| Untracked 
|  95|0x0000000087d00000, 0x0000000087d00000, 0x0000000087e00000|  0%| F|  |TAMS 0x0000000087d00000| PB 0x0000000087d00000| Untracked 
|  96|0x0000000087e00000, 0x0000000087e00000, 0x0000000087f00000|  0%| F|  |TAMS 0x0000000087e00000| PB 0x0000000087e00000| Untracked 
|  97|0x0000000087f00000, 0x0000000087f00000, 0x0000000088000000|  0%| F|  |TAMS 0x0000000087f00000| PB 0x0000000087f00000| Untracked 
|  98|0x0000000088000000, 0x0000000088000000, 0x0000000088100000|  0%| F|  |TAMS 0x0000000088000000| PB 0x0000000088000000| Untracked 
|  99|0x0000000088100000, 0x0000000088100000, 0x0000000088200000|  0%| F|  |TAMS 0x0000000088100000| PB 0x0000000088100000| Untracked 
| 100|0x0000000088200000, 0x0000000088200000, 0x0000000088300000|  0%| F|  |TAMS 0x0000000088200000| PB 0x0000000088200000| Untracked 
| 101|0x0000000088300000, 0x0000000088300000, 0x0000000088400000|  0%| F|  |TAMS 0x0000000088300000| PB 0x0000000088300000| Untracked 
| 102|0x0000000088400000, 0x0000000088400000, 0x0000000088500000|  0%| F|  |TAMS 0x0000000088400000| PB 0x0000000088400000| Untracked 
| 103|0x0000000088500000, 0x0000000088500000, 0x0000000088600000|  0%| F|  |TAMS 0x0000000088500000| PB 0x0000000088500000| Untracked 
| 104|0x0000000088600000, 0x0000000088600000, 0x0000000088700000|  0%| F|  |TAMS 0x0000000088600000| PB 0x0000000088600000| Untracked 
| 105|0x0000000088700000, 0x00000000887afcc8, 0x0000000088800000| 68%| S|CS|TAMS 0x0000000088700000| PB 0x0000000088700000| Complete 
| 106|0x0000000088800000, 0x0000000088900000, 0x0000000088900000|100%| S|CS|TAMS 0x0000000088800000| PB 0x0000000088800000| Complete 
| 107|0x0000000088900000, 0x0000000088a00000, 0x0000000088a00000|100%| S|CS|TAMS 0x0000000088900000| PB 0x0000000088900000| Complete 
| 108|0x0000000088a00000, 0x0000000088a00000, 0x0000000088b00000|  0%| F|  |TAMS 0x0000000088a00000| PB 0x0000000088a00000| Untracked 
| 109|0x0000000088b00000, 0x0000000088b00000, 0x0000000088c00000|  0%| F|  |TAMS 0x0000000088b00000| PB 0x0000000088b00000| Untracked 
| 110|0x0000000088c00000, 0x0000000088c00000, 0x0000000088d00000|  0%| F|  |TAMS 0x0000000088c00000| PB 0x0000000088c00000| Untracked 
| 111|0x0000000088d00000, 0x0000000088d00000, 0x0000000088e00000|  0%| F|  |TAMS 0x0000000088d00000| PB 0x0000000088d00000| Untracked 
| 112|0x0000000088e00000, 0x0000000088e00000, 0x0000000088f00000|  0%| F|  |TAMS 0x0000000088e00000| PB 0x0000000088e00000| Untracked 
| 113|0x0000000088f00000, 0x0000000088f00000, 0x0000000089000000|  0%| F|  |TAMS 0x0000000088f00000| PB 0x0000000088f00000| Untracked 
| 114|0x0000000089000000, 0x0000000089000000, 0x0000000089100000|  0%| F|  |TAMS 0x0000000089000000| PB 0x0000000089000000| Untracked 
| 115|0x0000000089100000, 0x0000000089100000, 0x0000000089200000|  0%| F|  |TAMS 0x0000000089100000| PB 0x0000000089100000| Untracked 
| 116|0x0000000089200000, 0x0000000089200000, 0x0000000089300000|  0%| F|  |TAMS 0x0000000089200000| PB 0x0000000089200000| Untracked 
| 117|0x0000000089300000, 0x0000000089300000, 0x0000000089400000|  0%| F|  |TAMS 0x0000000089300000| PB 0x0000000089300000| Untracked 
| 118|0x0000000089400000, 0x0000000089400000, 0x0000000089500000|  0%| F|  |TAMS 0x0000000089400000| PB 0x0000000089400000| Untracked 
| 119|0x0000000089500000, 0x0000000089500000, 0x0000000089600000|  0%| F|  |TAMS 0x0000000089500000| PB 0x0000000089500000| Untracked 
| 120|0x0000000089600000, 0x0000000089600000, 0x0000000089700000|  0%| F|  |TAMS 0x0000000089600000| PB 0x0000000089600000| Untracked 
| 121|0x0000000089700000, 0x0000000089700000, 0x0000000089800000|  0%| F|  |TAMS 0x0000000089700000| PB 0x0000000089700000| Untracked 
| 122|0x0000000089800000, 0x0000000089800000, 0x0000000089900000|  0%| F|  |TAMS 0x0000000089800000| PB 0x0000000089800000| Untracked 
| 123|0x0000000089900000, 0x0000000089900000, 0x0000000089a00000|  0%| F|  |TAMS 0x0000000089900000| PB 0x0000000089900000| Untracked 
| 124|0x0000000089a00000, 0x0000000089a00000, 0x0000000089b00000|  0%| F|  |TAMS 0x0000000089a00000| PB 0x0000000089a00000| Untracked 
| 125|0x0000000089b00000, 0x0000000089b00000, 0x0000000089c00000|  0%| F|  |TAMS 0x0000000089b00000| PB 0x0000000089b00000| Untracked 
| 126|0x0000000089c00000, 0x0000000089c00000, 0x0000000089d00000|  0%| F|  |TAMS 0x0000000089c00000| PB 0x0000000089c00000| Untracked 
| 127|0x0000000089d00000, 0x0000000089d00000, 0x0000000089e00000|  0%| F|  |TAMS 0x0000000089d00000| PB 0x0000000089d00000| Untracked 
| 128|0x0000000089e00000, 0x0000000089e00000, 0x0000000089f00000|  0%| F|  |TAMS 0x0000000089e00000| PB 0x0000000089e00000| Untracked 
| 129|0x0000000089f00000, 0x0000000089f00000, 0x000000008a000000|  0%| F|  |TAMS 0x0000000089f00000| PB 0x0000000089f00000| Untracked 
| 130|0x000000008a000000, 0x000000008a000000, 0x000000008a100000|  0%| F|  |TAMS 0x000000008a000000| PB 0x000000008a000000| Untracked 
| 131|0x000000008a100000, 0x000000008a100000, 0x000000008a200000|  0%| F|  |TAMS 0x000000008a100000| PB 0x000000008a100000| Untracked 
| 132|0x000000008a200000, 0x000000008a200000, 0x000000008a300000|  0%| F|  |TAMS 0x000000008a200000| PB 0x000000008a200000| Untracked 
| 133|0x000000008a300000, 0x000000008a300000, 0x000000008a400000|  0%| F|  |TAMS 0x000000008a300000| PB 0x000000008a300000| Untracked 
| 134|0x000000008a400000, 0x000000008a400000, 0x000000008a500000|  0%| F|  |TAMS 0x000000008a400000| PB 0x000000008a400000| Untracked 
| 135|0x000000008a500000, 0x000000008a500000, 0x000000008a600000|  0%| F|  |TAMS 0x000000008a500000| PB 0x000000008a500000| Untracked 
| 136|0x000000008a600000, 0x000000008a600000, 0x000000008a700000|  0%| F|  |TAMS 0x000000008a600000| PB 0x000000008a600000| Untracked 
| 137|0x000000008a700000, 0x000000008a700000, 0x000000008a800000|  0%| F|  |TAMS 0x000000008a700000| PB 0x000000008a700000| Untracked 
| 138|0x000000008a800000, 0x000000008a800000, 0x000000008a900000|  0%| F|  |TAMS 0x000000008a800000| PB 0x000000008a800000| Untracked 
| 139|0x000000008a900000, 0x000000008a900000, 0x000000008aa00000|  0%| F|  |TAMS 0x000000008a900000| PB 0x000000008a900000| Untracked 
| 140|0x000000008aa00000, 0x000000008aa00000, 0x000000008ab00000|  0%| F|  |TAMS 0x000000008aa00000| PB 0x000000008aa00000| Untracked 
| 141|0x000000008ab00000, 0x000000008ab00000, 0x000000008ac00000|  0%| F|  |TAMS 0x000000008ab00000| PB 0x000000008ab00000| Untracked 
| 142|0x000000008ac00000, 0x000000008ac00000, 0x000000008ad00000|  0%| F|  |TAMS 0x000000008ac00000| PB 0x000000008ac00000| Untracked 
| 143|0x000000008ad00000, 0x000000008ad00000, 0x000000008ae00000|  0%| F|  |TAMS 0x000000008ad00000| PB 0x000000008ad00000| Untracked 
| 144|0x000000008ae00000, 0x000000008ae00000, 0x000000008af00000|  0%| F|  |TAMS 0x000000008ae00000| PB 0x000000008ae00000| Untracked 
| 145|0x000000008af00000, 0x000000008af00000, 0x000000008b000000|  0%| F|  |TAMS 0x000000008af00000| PB 0x000000008af00000| Untracked 
| 146|0x000000008b000000, 0x000000008b000000, 0x000000008b100000|  0%| F|  |TAMS 0x000000008b000000| PB 0x000000008b000000| Untracked 
| 147|0x000000008b100000, 0x000000008b100000, 0x000000008b200000|  0%| F|  |TAMS 0x000000008b100000| PB 0x000000008b100000| Untracked 
| 148|0x000000008b200000, 0x000000008b200000, 0x000000008b300000|  0%| F|  |TAMS 0x000000008b200000| PB 0x000000008b200000| Untracked 
| 149|0x000000008b300000, 0x000000008b300000, 0x000000008b400000|  0%| F|  |TAMS 0x000000008b300000| PB 0x000000008b300000| Untracked 
| 150|0x000000008b400000, 0x000000008b400000, 0x000000008b500000|  0%| F|  |TAMS 0x000000008b400000| PB 0x000000008b400000| Untracked 
| 151|0x000000008b500000, 0x000000008b500000, 0x000000008b600000|  0%| F|  |TAMS 0x000000008b500000| PB 0x000000008b500000| Untracked 
| 152|0x000000008b600000, 0x000000008b600000, 0x000000008b700000|  0%| F|  |TAMS 0x000000008b600000| PB 0x000000008b600000| Untracked 
| 153|0x000000008b700000, 0x000000008b700000, 0x000000008b800000|  0%| F|  |TAMS 0x000000008b700000| PB 0x000000008b700000| Untracked 
| 154|0x000000008b800000, 0x000000008b800000, 0x000000008b900000|  0%| F|  |TAMS 0x000000008b800000| PB 0x000000008b800000| Untracked 
| 155|0x000000008b900000, 0x000000008b900000, 0x000000008ba00000|  0%| F|  |TAMS 0x000000008b900000| PB 0x000000008b900000| Untracked 
| 156|0x000000008ba00000, 0x000000008ba00000, 0x000000008bb00000|  0%| F|  |TAMS 0x000000008ba00000| PB 0x000000008ba00000| Untracked 
| 157|0x000000008bb00000, 0x000000008bb00000, 0x000000008bc00000|  0%| F|  |TAMS 0x000000008bb00000| PB 0x000000008bb00000| Untracked 
| 158|0x000000008bc00000, 0x000000008bc00000, 0x000000008bd00000|  0%| F|  |TAMS 0x000000008bc00000| PB 0x000000008bc00000| Untracked 
| 159|0x000000008bd00000, 0x000000008bd00000, 0x000000008be00000|  0%| F|  |TAMS 0x000000008bd00000| PB 0x000000008bd00000| Untracked 
| 160|0x000000008be00000, 0x000000008be00000, 0x000000008bf00000|  0%| F|  |TAMS 0x000000008be00000| PB 0x000000008be00000| Untracked 
| 161|0x000000008bf00000, 0x000000008bf00000, 0x000000008c000000|  0%| F|  |TAMS 0x000000008bf00000| PB 0x000000008bf00000| Untracked 
| 162|0x000000008c000000, 0x000000008c000000, 0x000000008c100000|  0%| F|  |TAMS 0x000000008c000000| PB 0x000000008c000000| Untracked 
| 163|0x000000008c100000, 0x000000008c100000, 0x000000008c200000|  0%| F|  |TAMS 0x000000008c100000| PB 0x000000008c100000| Untracked 
| 164|0x000000008c200000, 0x000000008c200000, 0x000000008c300000|  0%| F|  |TAMS 0x000000008c200000| PB 0x000000008c200000| Untracked 
| 165|0x000000008c300000, 0x000000008c300000, 0x000000008c400000|  0%| F|  |TAMS 0x000000008c300000| PB 0x000000008c300000| Untracked 
| 166|0x000000008c400000, 0x000000008c400000, 0x000000008c500000|  0%| F|  |TAMS 0x000000008c400000| PB 0x000000008c400000| Untracked 
| 167|0x000000008c500000, 0x000000008c500000, 0x000000008c600000|  0%| F|  |TAMS 0x000000008c500000| PB 0x000000008c500000| Untracked 
| 168|0x000000008c600000, 0x000000008c600000, 0x000000008c700000|  0%| F|  |TAMS 0x000000008c600000| PB 0x000000008c600000| Untracked 
| 169|0x000000008c700000, 0x000000008c700000, 0x000000008c800000|  0%| F|  |TAMS 0x000000008c700000| PB 0x000000008c700000| Untracked 
| 170|0x000000008c800000, 0x000000008c800000, 0x000000008c900000|  0%| F|  |TAMS 0x000000008c800000| PB 0x000000008c800000| Untracked 
| 171|0x000000008c900000, 0x000000008ca00000, 0x000000008ca00000|100%| E|  |TAMS 0x000000008c900000| PB 0x000000008c900000| Complete 
| 172|0x000000008ca00000, 0x000000008cb00000, 0x000000008cb00000|100%| E|CS|TAMS 0x000000008ca00000| PB 0x000000008ca00000| Complete 
| 173|0x000000008cb00000, 0x000000008cc00000, 0x000000008cc00000|100%| E|CS|TAMS 0x000000008cb00000| PB 0x000000008cb00000| Complete 
| 174|0x000000008cc00000, 0x000000008cd00000, 0x000000008cd00000|100%| E|CS|TAMS 0x000000008cc00000| PB 0x000000008cc00000| Complete 
| 175|0x000000008cd00000, 0x000000008ce00000, 0x000000008ce00000|100%| E|CS|TAMS 0x000000008cd00000| PB 0x000000008cd00000| Complete 
| 176|0x000000008ce00000, 0x000000008cf00000, 0x000000008cf00000|100%| E|CS|TAMS 0x000000008ce00000| PB 0x000000008ce00000| Complete 
| 177|0x000000008cf00000, 0x000000008d000000, 0x000000008d000000|100%| E|CS|TAMS 0x000000008cf00000| PB 0x000000008cf00000| Complete 
| 178|0x000000008d000000, 0x000000008d100000, 0x000000008d100000|100%| E|CS|TAMS 0x000000008d000000| PB 0x000000008d000000| Complete 
| 179|0x000000008d100000, 0x000000008d200000, 0x000000008d200000|100%| E|CS|TAMS 0x000000008d100000| PB 0x000000008d100000| Complete 
| 180|0x000000008d200000, 0x000000008d300000, 0x000000008d300000|100%| E|CS|TAMS 0x000000008d200000| PB 0x000000008d200000| Complete 
|2014|0x00000000ffc00000, 0x00000000ffd00000, 0x00000000ffd00000|100%| O|  |TAMS 0x00000000ffc00000| PB 0x00000000ffc00000| Untracked 
|2015|0x00000000ffd00000, 0x00000000ffe00000, 0x00000000ffe00000|100%| O|  |TAMS 0x00000000ffd00000| PB 0x00000000ffd00000| Untracked 
|2016|0x00000000ffe00000, 0x00000000fff00000, 0x00000000fff00000|100%| O|  |TAMS 0x00000000ffe00000| PB 0x00000000ffe00000| Untracked 
|2017|0x00000000fff00000, 0x0000000100000000, 0x0000000100000000|100%| O|  |TAMS 0x00000000fff00000| PB 0x00000000fff00000| Untracked 

Card table byte_map: [0x000001e9ff950000,0x000001e9ffd50000] _byte_map_base: 0x000001e9ff541000

Marking Bits: (CMBitMap*) 0x000001e9f533ed60
 Bits: [0x000001e98f000000, 0x000001e990f88000)

Polling page: 0x000001e9f5370000

Metaspace:

Usage:
  Non-class:     33.41 MB used.
      Class:      4.31 MB used.
       Both:     37.73 MB used.

Virtual space:
  Non-class space:       64.00 MB reserved,      33.69 MB ( 53%) committed,  1 nodes.
      Class space:        1.00 GB reserved,       4.50 MB ( <1%) committed,  1 nodes.
             Both:        1.06 GB reserved,      38.19 MB (  4%) committed. 

Chunk freelists:
   Non-Class:  13.45 MB
       Class:  11.50 MB
        Both:  24.95 MB

MaxMetaspaceSize: unlimited
CompressedClassSpaceSize: 1.00 GB
Initial GC threshold: 21.00 MB
Current GC threshold: 44.69 MB
CDS: on
 - commit_granule_bytes: 65536.
 - commit_granule_words: 8192.
 - virtual_space_node_default_size: 8388608.
 - enlarge_chunks_in_place: 1.
 - use_allocation_guard: 0.


Internal statistics:

num_allocs_failed_limit: 3.
num_arena_births: 368.
num_arena_deaths: 0.
num_vsnodes_births: 2.
num_vsnodes_deaths: 0.
num_space_committed: 611.
num_space_uncommitted: 0.
num_chunks_returned_to_freelist: 3.
num_chunks_taken_from_freelist: 1765.
num_chunk_merges: 3.
num_chunk_splits: 1283.
num_chunks_enlarged: 1027.
num_inconsistent_stats: 0.

CodeHeap 'non-profiled nmethods': size=120000Kb used=4846Kb max_used=4846Kb free=115153Kb
 bounds [0x000001e987ad0000, 0x000001e987f90000, 0x000001e98f000000]
CodeHeap 'profiled nmethods': size=120000Kb used=19545Kb max_used=19545Kb free=100454Kb
 bounds [0x000001e980000000, 0x000001e981320000, 0x000001e987530000]
CodeHeap 'non-nmethods': size=5760Kb used=1490Kb max_used=1541Kb free=4269Kb
 bounds [0x000001e987530000, 0x000001e9877a0000, 0x000001e987ad0000]
 total_blobs=9007 nmethods=8436 adapters=475
 compilation: enabled
              stopped_count=0, restarted_count=0
 full_count=0

Compilation events (20 events):
Event: 37.833 Thread 0x000001e9933b76f0 9234       3       jdk.internal.jrtfs.JrtFileSystem::newInputStream (13 bytes)
Event: 37.833 Thread 0x000001e9933b76f0 nmethod 9234 0x000001e981311390 code [0x000001e981311560, 0x000001e9813118a8]
Event: 37.833 Thread 0x000001e9933b76f0 9235       3       jdk.internal.jrtfs.JrtFileSystem::getFileContent (49 bytes)
Event: 37.834 Thread 0x000001e9933b76f0 nmethod 9235 0x000001e981311a10 code [0x000001e981311c80, 0x000001e9813125d0]
Event: 37.834 Thread 0x000001e9933b76f0 9236       3       jdk.internal.jrtfs.SystemImage$1::getResource (9 bytes)
Event: 37.834 Thread 0x000001e9933b76f0 nmethod 9236 0x000001e981312990 code [0x000001e981312b60, 0x000001e981312e80]
Event: 37.835 Thread 0x000001e9933b76f0 9239       3       com.sun.tools.javac.code.Symbol$ModuleFlags::values (10 bytes)
Event: 37.835 Thread 0x000001e9933b76f0 nmethod 9239 0x000001e981313010 code [0x000001e9813131c0, 0x000001e981313468]
Event: 37.835 Thread 0x000001e9933b76f0 9240       3       com.sun.tools.javac.comp.Modules$$Lambda/0x000001e995424698::test (8 bytes)
Event: 37.835 Thread 0x000001e9933b76f0 nmethod 9240 0x000001e981313510 code [0x000001e9813136c0, 0x000001e981313a28]
Event: 37.835 Thread 0x000001e9933b76f0 9241       3       com.sun.tools.javac.jvm.ClassReader$24::accepts (24 bytes)
Event: 37.836 Thread 0x000001e9933b76f0 nmethod 9241 0x000001e981313b10 code [0x000001e981313cc0, 0x000001e981313ea8]
Event: 37.837 Thread 0x000001e9933b76f0 9243       3       com.sun.tools.javac.jvm.ClassReader$24$$Lambda/0x000001e99541e978::map (11 bytes)
Event: 37.837 Thread 0x000001e9933b76f0 nmethod 9243 0x000001e981313f90 code [0x000001e981314140, 0x000001e981314280]
Event: 37.837 Thread 0x000001e9933b76f0 9244       3       com.sun.tools.javac.jvm.ClassReader$24$$Lambda/0x000001e99541e560::map (11 bytes)
Event: 37.837 Thread 0x000001e9933b76f0 nmethod 9244 0x000001e981314390 code [0x000001e981314540, 0x000001e981314680]
Event: 37.837 Thread 0x000001e9933b76f0 9245       3       com.sun.tools.javac.comp.Modules$$Lambda/0x000001e995424228::complete (13 bytes)
Event: 37.837 Thread 0x000001e9933b76f0 nmethod 9245 0x000001e981314790 code [0x000001e981314940, 0x000001e981314af0]
Event: 37.837 Thread 0x000001e9933b76f0 9246       3       com.sun.tools.javac.comp.Modules::lambda$completeModule$19 (6 bytes)
Event: 37.837 Thread 0x000001e9933b76f0 nmethod 9246 0x000001e981314c10 code [0x000001e981314dc0, 0x000001e981314ef8]

GC Heap History (20 events):
Event: 11.082 GC heap before
{Heap before GC invocations=6 (full 0):
 garbage-first heap   total 68608K, used 52428K [0x0000000081e00000, 0x0000000100000000)
  region size 1024K, 40 young (40960K), 8 survivors (8192K)
 Metaspace       used 22760K, committed 23168K, reserved 1114112K
  class space    used 2647K, committed 2816K, reserved 1048576K
}
Event: 11.094 GC heap after
{Heap after GC invocations=7 (full 0):
 garbage-first heap   total 68608K, used 21708K [0x0000000081e00000, 0x0000000100000000)
  region size 1024K, 3 young (3072K), 3 survivors (3072K)
 Metaspace       used 22760K, committed 23168K, reserved 1114112K
  class space    used 2647K, committed 2816K, reserved 1048576K
}
Event: 12.327 GC heap before
{Heap before GC invocations=7 (full 0):
 garbage-first heap   total 83968K, used 82124K [0x0000000081e00000, 0x0000000100000000)
  region size 1024K, 26 young (26624K), 3 survivors (3072K)
 Metaspace       used 25488K, committed 25856K, reserved 1114112K
  class space    used 3013K, committed 3200K, reserved 1048576K
}
Event: 12.332 GC heap after
{Heap after GC invocations=8 (full 0):
 garbage-first heap   total 88064K, used 34848K [0x0000000081e00000, 0x0000000100000000)
  region size 1024K, 4 young (4096K), 4 survivors (4096K)
 Metaspace       used 25488K, committed 25856K, reserved 1114112K
  class space    used 3013K, committed 3200K, reserved 1048576K
}
Event: 12.370 GC heap before
{Heap before GC invocations=8 (full 0):
 garbage-first heap   total 88064K, used 42016K [0x0000000081e00000, 0x0000000100000000)
  region size 1024K, 6 young (6144K), 4 survivors (4096K)
 Metaspace       used 25668K, committed 26112K, reserved 1114112K
  class space    used 3039K, committed 3264K, reserved 1048576K
}
Event: 12.372 GC heap after
{Heap after GC invocations=9 (full 0):
 garbage-first heap   total 88064K, used 41258K [0x0000000081e00000, 0x0000000100000000)
  region size 1024K, 4 young (4096K), 4 survivors (4096K)
 Metaspace       used 25668K, committed 26112K, reserved 1114112K
  class space    used 3039K, committed 3264K, reserved 1048576K
}
Event: 19.991 GC heap before
{Heap before GC invocations=9 (full 0):
 garbage-first heap   total 88064K, used 51498K [0x0000000081e00000, 0x0000000100000000)
  region size 1024K, 13 young (13312K), 4 survivors (4096K)
 Metaspace       used 26888K, committed 27264K, reserved 1114112K
  class space    used 3154K, committed 3328K, reserved 1048576K
}
Event: 19.994 GC heap after
{Heap after GC invocations=10 (full 0):
 garbage-first heap   total 88064K, used 23167K [0x0000000081e00000, 0x0000000100000000)
  region size 1024K, 2 young (2048K), 2 survivors (2048K)
 Metaspace       used 26888K, committed 27264K, reserved 1114112K
  class space    used 3154K, committed 3328K, reserved 1048576K
}
Event: 20.067 GC heap before
{Heap before GC invocations=10 (full 0):
 garbage-first heap   total 88064K, used 43647K [0x0000000081e00000, 0x0000000100000000)
  region size 1024K, 5 young (5120K), 2 survivors (2048K)
 Metaspace       used 27151K, committed 27456K, reserved 1114112K
  class space    used 3187K, committed 3328K, reserved 1048576K
}
Event: 20.069 GC heap after
{Heap after GC invocations=11 (full 0):
 garbage-first heap   total 88064K, used 41529K [0x0000000081e00000, 0x0000000100000000)
  region size 1024K, 2 young (2048K), 2 survivors (2048K)
 Metaspace       used 27151K, committed 27456K, reserved 1114112K
  class space    used 3187K, committed 3328K, reserved 1048576K
}
Event: 22.500 GC heap before
{Heap before GC invocations=12 (full 0):
 garbage-first heap   total 88064K, used 85561K [0x0000000081e00000, 0x0000000100000000)
  region size 1024K, 40 young (40960K), 2 survivors (2048K)
 Metaspace       used 35501K, committed 35904K, reserved 1114112K
  class space    used 4147K, committed 4352K, reserved 1048576K
}
Event: 22.602 GC heap after
{Heap after GC invocations=13 (full 0):
 garbage-first heap   total 94208K, used 28628K [0x0000000081e00000, 0x0000000100000000)
  region size 1024K, 5 young (5120K), 5 survivors (5120K)
 Metaspace       used 35501K, committed 35904K, reserved 1114112K
  class space    used 4147K, committed 4352K, reserved 1048576K
}
Event: 24.921 GC heap before
{Heap before GC invocations=13 (full 0):
 garbage-first heap   total 115712K, used 114644K [0x0000000081e00000, 0x0000000100000000)
  region size 1024K, 42 young (43008K), 5 survivors (5120K)
 Metaspace       used 37703K, committed 38208K, reserved 1114112K
  class space    used 4337K, committed 4544K, reserved 1048576K
}
Event: 25.074 GC heap after
{Heap after GC invocations=14 (full 0):
 garbage-first heap   total 123904K, used 29969K [0x0000000081e00000, 0x0000000100000000)
  region size 1024K, 6 young (6144K), 6 survivors (6144K)
 Metaspace       used 37703K, committed 38208K, reserved 1114112K
  class space    used 4337K, committed 4544K, reserved 1048576K
}
Event: 32.114 GC heap before
{Heap before GC invocations=14 (full 0):
 garbage-first heap   total 123904K, used 106769K [0x0000000081e00000, 0x0000000100000000)
  region size 1024K, 51 young (52224K), 6 survivors (6144K)
 Metaspace       used 38560K, committed 39040K, reserved 1114112K
  class space    used 4415K, committed 4608K, reserved 1048576K
}
Event: 32.125 GC heap after
{Heap after GC invocations=15 (full 0):
 garbage-first heap   total 123904K, used 37945K [0x0000000081e00000, 0x0000000100000000)
  region size 1024K, 3 young (3072K), 3 survivors (3072K)
 Metaspace       used 38560K, committed 39040K, reserved 1114112K
  class space    used 4415K, committed 4608K, reserved 1048576K
}
Event: 32.244 GC heap before
{Heap before GC invocations=15 (full 0):
 garbage-first heap   total 123904K, used 58425K [0x0000000081e00000, 0x0000000100000000)
  region size 1024K, 6 young (6144K), 3 survivors (3072K)
 Metaspace       used 38569K, committed 39040K, reserved 1114112K
  class space    used 4415K, committed 4608K, reserved 1048576K
}
Event: 32.249 GC heap after
{Heap after GC invocations=16 (full 0):
 garbage-first heap   total 123904K, used 31784K [0x0000000081e00000, 0x0000000100000000)
  region size 1024K, 3 young (3072K), 3 survivors (3072K)
 Metaspace       used 38569K, committed 39040K, reserved 1114112K
  class space    used 4415K, committed 4608K, reserved 1048576K
}
Event: 37.225 GC heap before
{Heap before GC invocations=16 (full 0):
 garbage-first heap   total 123904K, used 61480K [0x0000000081e00000, 0x0000000100000000)
  region size 1024K, 9 young (9216K), 3 survivors (3072K)
 Metaspace       used 38583K, committed 39104K, reserved 1114112K
  class space    used 4415K, committed 4608K, reserved 1048576K
}
Event: 37.247 GC heap after
{Heap after GC invocations=17 (full 0):
 garbage-first heap   total 189440K, used 31661K [0x0000000081e00000, 0x0000000100000000)
  region size 1024K, 3 young (3072K), 3 survivors (3072K)
 Metaspace       used 38583K, committed 39104K, reserved 1114112K
  class space    used 4415K, committed 4608K, reserved 1048576K
}

Dll operation events (8 events):
Event: 0.023 Loaded shared library C:\Program Files\Java\jdk-21\bin\java.dll
Event: 0.369 Loaded shared library C:\Program Files\Java\jdk-21\bin\jsvml.dll
Event: 0.443 Loaded shared library C:\Program Files\Java\jdk-21\bin\net.dll
Event: 0.448 Loaded shared library C:\Program Files\Java\jdk-21\bin\nio.dll
Event: 0.453 Loaded shared library C:\Program Files\Java\jdk-21\bin\zip.dll
Event: 0.667 Loaded shared library C:\Program Files\Java\jdk-21\bin\jimage.dll
Event: 0.677 Loaded shared library C:\Projects\jorm-project\jorm\apache-maven-3.9.6\lib\jansi-native\Windows\x86_64\jansi.dll
Event: 0.693 Loaded shared library C:\Program Files\Java\jdk-21\bin\verify.dll

Deoptimization events (20 events):
Event: 31.937 Thread 0x000001e9f52eaff0 Uncommon trap: trap_request=0xffffff45 fr.pc=0x000001e987f3f174 relative=0x00000000000003b4
Event: 31.937 Thread 0x000001e9f52eaff0 Uncommon trap: reason=unstable_if action=reinterpret pc=0x000001e987f3f174 method=com.sun.tools.javac.code.Types$Subst.<init>(Lcom/sun/tools/javac/code/Types;Lcom/sun/tools/javac/util/List;Lcom/sun/tools/javac/util/List;)V @ 43 c2
Event: 31.937 Thread 0x000001e9f52eaff0 DEOPT PACKING pc=0x000001e987f3f174 sp=0x000000e0ef9fb6a0
Event: 31.937 Thread 0x000001e9f52eaff0 DEOPT UNPACKING pc=0x000001e9875846a2 sp=0x000000e0ef9fb658 mode 2
Event: 32.001 Thread 0x000001e9f52eaff0 Uncommon trap: trap_request=0xffffff45 fr.pc=0x000001e987ea89a4 relative=0x00000000000001e4
Event: 32.001 Thread 0x000001e9f52eaff0 Uncommon trap: reason=unstable_if action=reinterpret pc=0x000001e987ea89a4 method=java.util.HashMap.getNode(Ljava/lang/Object;)Ljava/util/HashMap$Node; @ 66 c2
Event: 32.001 Thread 0x000001e9f52eaff0 DEOPT PACKING pc=0x000001e987ea89a4 sp=0x000000e0ef9fd7a0
Event: 32.001 Thread 0x000001e9f52eaff0 DEOPT UNPACKING pc=0x000001e9875846a2 sp=0x000000e0ef9fd710 mode 2
Event: 32.001 Thread 0x000001e9f52eaff0 Uncommon trap: trap_request=0xffffff45 fr.pc=0x000001e987ea0d7c relative=0x000000000000077c
Event: 32.001 Thread 0x000001e9f52eaff0 Uncommon trap: reason=unstable_if action=reinterpret pc=0x000001e987ea0d7c method=java.util.HashMap.putVal(ILjava/lang/Object;Ljava/lang/Object;ZZ)Ljava/lang/Object; @ 94 c2
Event: 32.001 Thread 0x000001e9f52eaff0 DEOPT PACKING pc=0x000001e987ea0d7c sp=0x000000e0ef9fd700
Event: 32.001 Thread 0x000001e9f52eaff0 DEOPT UNPACKING pc=0x000001e9875846a2 sp=0x000000e0ef9fd688 mode 2
Event: 33.459 Thread 0x000001e9f52eaff0 Uncommon trap: trap_request=0xffffffc6 fr.pc=0x000001e987cbf3c4 relative=0x0000000000000824
Event: 33.459 Thread 0x000001e9f52eaff0 Uncommon trap: reason=bimorphic_or_optimized_type_check action=maybe_recompile pc=0x000001e987cbf3c4 method=java.util.regex.Pattern$CharPropertyGreedy.match(Ljava/util/regex/Matcher;ILjava/lang/CharSequence;)Z @ 64 c2
Event: 33.459 Thread 0x000001e9f52eaff0 DEOPT PACKING pc=0x000001e987cbf3c4 sp=0x000000e0ef9fdc80
Event: 33.459 Thread 0x000001e9f52eaff0 DEOPT UNPACKING pc=0x000001e9875846a2 sp=0x000000e0ef9fdc10 mode 2
Event: 36.052 Thread 0x000001e9f52eaff0 Uncommon trap: trap_request=0xffffff6e fr.pc=0x000001e987ef34b8 relative=0x0000000000000c58
Event: 36.052 Thread 0x000001e9f52eaff0 Uncommon trap: reason=loop_limit_check action=maybe_recompile pc=0x000001e987ef34b8 method=org.codehaus.plexus.util.SelectorUtils.matchAntPathPattern([[C[[CZ)Z @ 84 c2
Event: 36.052 Thread 0x000001e9f52eaff0 DEOPT PACKING pc=0x000001e987ef34b8 sp=0x000000e0ef9fe050
Event: 36.052 Thread 0x000001e9f52eaff0 DEOPT UNPACKING pc=0x000001e9875846a2 sp=0x000000e0ef9fdfa0 mode 2

Classes loaded (20 events):
Event: 23.459 Loading class java/util/WeakHashMap$HashIterator done
Event: 23.459 Loading class java/util/WeakHashMap$KeyIterator done
Event: 23.704 Loading class java/lang/StringLatin1$LinesSpliterator
Event: 23.704 Loading class java/lang/StringLatin1$LinesSpliterator done
Event: 31.339 Loading class java/lang/runtime/ObjectMethods
Event: 31.339 Loading class java/lang/runtime/ObjectMethods done
Event: 31.341 Loading class java/lang/invoke/MethodHandleImpl$Makers
Event: 31.341 Loading class java/lang/invoke/MethodHandleImpl$Makers done
Event: 31.341 Loading class java/lang/invoke/MethodHandleImpl$Makers$1
Event: 31.341 Loading class java/lang/invoke/MethodHandleImpl$Makers$1 done
Event: 31.341 Loading class java/lang/invoke/MethodHandleImpl$Makers$2
Event: 31.341 Loading class java/lang/invoke/MethodHandleImpl$Makers$2 done
Event: 31.341 Loading class java/lang/invoke/MethodHandleImpl$Makers$3
Event: 31.341 Loading class java/lang/invoke/MethodHandleImpl$Makers$3 done
Event: 31.379 Loading class java/lang/runtime/ObjectMethods$1
Event: 31.379 Loading class java/lang/runtime/ObjectMethods$1 done
Event: 31.383 Loading class java/lang/invoke/DirectMethodHandle$1
Event: 31.383 Loading class java/lang/invoke/DirectMethodHandle$1 done
Event: 31.850 Loading class java/lang/invoke/MethodHandleImpl$CountingWrapper
Event: 31.850 Loading class java/lang/invoke/MethodHandleImpl$CountingWrapper done

Classes unloaded (0 events):
No events

Classes redefined (0 events):
No events

Internal exceptions (20 events):
Event: 31.850 Thread 0x000001e9f52eaff0 Exception <a 'java/lang/NoSuchMethodError'{0x00000000867cd1a8}: 'java.lang.Object java.lang.invoke.DelegatingMethodHandle$Holder.delegate(java.lang.Object, int, java.lang.Object, java.lang.Object)'> (0x00000000867cd1a8) 
thrown [s\open\src\hotspot\share\interpreter\linkResolver.cpp, line 773]
Event: 31.851 Thread 0x000001e9f52eaff0 Implicit null exception at 0x000001e987b453fd to 0x000001e987b45564
Event: 31.852 Thread 0x000001e9f52eaff0 Exception <a 'java/lang/NoSuchMethodError'{0x00000000867dca80}: 'int java.lang.invoke.Invokers$Holder.linkToTargetMethod(java.lang.Object, java.lang.Object, java.lang.Object)'> (0x00000000867dca80) 
thrown [s\open\src\hotspot\share\interpreter\linkResolver.cpp, line 773]
Event: 31.869 Thread 0x000001e9f52eaff0 Exception <a 'sun/nio/fs/WindowsException'{0x0000000086622aa8}> (0x0000000086622aa8) 
thrown [s\open\src\hotspot\share\prims\jni.cpp, line 520]
Event: 31.999 Thread 0x000001e9f52eaff0 Exception <a 'sun/nio/fs/WindowsException'{0x0000000086333428}> (0x0000000086333428) 
thrown [s\open\src\hotspot\share\prims\jni.cpp, line 520]
Event: 33.470 Thread 0x000001e9f52eaff0 Exception <a 'sun/nio/fs/WindowsException'{0x0000000088b159c0}> (0x0000000088b159c0) 
thrown [s\open\src\hotspot\share\prims\jni.cpp, line 520]
Event: 33.471 Thread 0x000001e9f52eaff0 Exception <a 'sun/nio/fs/WindowsException'{0x0000000088b16330}> (0x0000000088b16330) 
thrown [s\open\src\hotspot\share\prims\jni.cpp, line 520]
Event: 37.285 Thread 0x000001e9f52eaff0 Exception <a 'sun/nio/fs/WindowsException'{0x000000008d279c58}> (0x000000008d279c58) 
thrown [s\open\src\hotspot\share\prims\jni.cpp, line 520]
Event: 37.340 Thread 0x000001e9f52eaff0 Exception <a 'sun/nio/fs/WindowsException'{0x000000008d27dcb8}> (0x000000008d27dcb8) 
thrown [s\open\src\hotspot\share\prims\jni.cpp, line 520]
Event: 37.344 Thread 0x000001e9f52eaff0 Exception <a 'sun/nio/fs/WindowsException'{0x000000008d095b70}> (0x000000008d095b70) 
thrown [s\open\src\hotspot\share\prims\jni.cpp, line 520]
Event: 37.390 Thread 0x000001e9f52eaff0 Exception <a 'sun/nio/fs/WindowsException'{0x000000008d0a9bf0}> (0x000000008d0a9bf0) 
thrown [s\open\src\hotspot\share\prims\jni.cpp, line 520]
Event: 37.472 Thread 0x000001e9f52eaff0 Exception <a 'sun/nio/fs/WindowsException'{0x000000008d0b3a30}> (0x000000008d0b3a30) 
thrown [s\open\src\hotspot\share\prims\jni.cpp, line 520]
Event: 37.524 Thread 0x000001e9f52eaff0 Exception <a 'sun/nio/fs/WindowsException'{0x000000008d0c7b48}> (0x000000008d0c7b48) 
thrown [s\open\src\hotspot\share\prims\jni.cpp, line 520]
Event: 37.557 Thread 0x000001e9f52eaff0 Exception <a 'sun/nio/fs/WindowsException'{0x000000008d0d1c80}> (0x000000008d0d1c80) 
thrown [s\open\src\hotspot\share\prims\jni.cpp, line 520]
Event: 37.645 Thread 0x000001e9f52eaff0 Exception <a 'sun/nio/fs/WindowsException'{0x000000008d0e5e60}> (0x000000008d0e5e60) 
thrown [s\open\src\hotspot\share\prims\jni.cpp, line 520]
Event: 37.813 Thread 0x000001e9f52eaff0 Exception <a 'sun/nio/fs/WindowsException'{0x000000008ce32af0}> (0x000000008ce32af0) 
thrown [s\open\src\hotspot\share\prims\jni.cpp, line 520]
Event: 37.819 Thread 0x000001e9f52eaff0 Exception <a 'sun/nio/fs/WindowsException'{0x000000008ce99828}> (0x000000008ce99828) 
thrown [s\open\src\hotspot\share\prims\jni.cpp, line 520]
Event: 37.824 Thread 0x000001e9f52eaff0 Exception <a 'sun/nio/fs/WindowsException'{0x000000008cea5530}> (0x000000008cea5530) 
thrown [s\open\src\hotspot\share\prims\jni.cpp, line 520]
Event: 37.824 Thread 0x000001e9f52eaff0 Exception <a 'sun/nio/fs/WindowsException'{0x000000008cea6000}> (0x000000008cea6000) 
thrown [s\open\src\hotspot\share\prims\jni.cpp, line 520]
Event: 37.824 Thread 0x000001e9f52eaff0 Exception <a 'sun/nio/fs/WindowsException'{0x000000008cea6b80}> (0x000000008cea6b80) 
thrown [s\open\src\hotspot\share\prims\jni.cpp, line 520]

ZGC Phase Switch (0 events):
No events

VM Operations (20 events):
Event: 31.337 Executing VM operation: HandshakeAllThreads (Deoptimize)
Event: 31.337 Executing VM operation: HandshakeAllThreads (Deoptimize) done
Event: 31.624 Executing VM operation: ICBufferFull
Event: 31.624 Executing VM operation: ICBufferFull done
Event: 31.881 Executing VM operation: ICBufferFull
Event: 31.881 Executing VM operation: ICBufferFull done
Event: 32.081 Executing VM operation: ICBufferFull
Event: 32.082 Executing VM operation: ICBufferFull done
Event: 32.114 Executing VM operation: G1TryInitiateConcMark (G1 Humongous Allocation)
Event: 32.126 Executing VM operation: G1TryInitiateConcMark (G1 Humongous Allocation) done
Event: 32.244 Executing VM operation: G1TryInitiateConcMark (G1 Humongous Allocation)
Event: 32.249 Executing VM operation: G1TryInitiateConcMark (G1 Humongous Allocation) done
Event: 33.261 Executing VM operation: Cleanup
Event: 33.261 Executing VM operation: Cleanup done
Event: 34.261 Executing VM operation: Cleanup
Event: 34.261 Executing VM operation: Cleanup done
Event: 36.263 Executing VM operation: Cleanup
Event: 36.263 Executing VM operation: Cleanup done
Event: 37.225 Executing VM operation: G1TryInitiateConcMark (G1 Humongous Allocation)
Event: 37.247 Executing VM operation: G1TryInitiateConcMark (G1 Humongous Allocation) done

Events (20 events):
Event: 32.330 Thread 0x000001e9dc11a4f0 Thread exited: 0x000001e9dc11a4f0
Event: 32.330 Thread 0x000001e9dc11cc50 Thread exited: 0x000001e9dc11cc50
Event: 32.689 Thread 0x000001e9da06e780 Thread added: 0x000001e9da06e780
Event: 32.689 Thread 0x000001e9dc11c5c0 Thread added: 0x000001e9dc11c5c0
Event: 33.457 Thread 0x000001e9da06e780 Thread exited: 0x000001e9da06e780
Event: 33.457 Thread 0x000001e9dc11c5c0 Thread exited: 0x000001e9dc11c5c0
Event: 33.460 Thread 0x000001e9d93d1dc0 Thread exited: 0x000001e9d93d1dc0
Event: 33.728 Thread 0x000001e9da06e780 Thread added: 0x000001e9da06e780
Event: 33.728 Thread 0x000001e9dc11cc50 Thread added: 0x000001e9dc11cc50
Event: 36.043 Thread 0x000001e9da06e780 Thread exited: 0x000001e9da06e780
Event: 36.043 Thread 0x000001e9dc11cc50 Thread exited: 0x000001e9dc11cc50
Event: 37.250 Thread 0x000001e9da06e780 Thread added: 0x000001e9da06e780
Event: 37.250 Thread 0x000001e9db182660 Thread added: 0x000001e9db182660
Event: 37.250 Thread 0x000001e9db1840a0 Thread added: 0x000001e9db1840a0
Event: 37.250 Thread 0x000001e9db182cf0 Thread added: 0x000001e9db182cf0
Event: 37.274 Thread 0x000001e9db1840a0 Thread exited: 0x000001e9db1840a0
Event: 37.274 Thread 0x000001e9da06e780 Thread exited: 0x000001e9da06e780
Event: 37.274 Thread 0x000001e9db182cf0 Thread exited: 0x000001e9db182cf0
Event: 37.274 Thread 0x000001e9db182660 Thread exited: 0x000001e9db182660
Event: 37.836 Thread 0x000001e9d93d1dc0 Thread added: 0x000001e9d93d1dc0


Dynamic libraries:
0x00007ff635fe0000 - 0x00007ff635ff0000 	C:\Program Files\Java\jdk-21\bin\java.exe
0x00007ffa429e0000 - 0x00007ffa42be9000 	C:\WINDOWS\SYSTEM32\ntdll.dll
0x00007ffa40ef0000 - 0x00007ffa40fad000 	C:\WINDOWS\System32\KERNEL32.DLL
0x00007ffa3fef0000 - 0x00007ffa40274000 	C:\WINDOWS\System32\KERNELBASE.dll
0x00007ffa18940000 - 0x00007ffa189ee000 	c:\Users\mamad\AppData\Local\Programs\Trae\resources\app\modules\sandbox\x64\trae_sbox.dll
0x00007ffa423e0000 - 0x00007ffa4248e000 	C:\WINDOWS\System32\ADVAPI32.dll
0x00007ffa41770000 - 0x00007ffa41813000 	C:\WINDOWS\System32\msvcrt.dll
0x00007ffa42580000 - 0x00007ffa4261e000 	C:\WINDOWS\System32\sechost.dll
0x00007ffa40fb0000 - 0x00007ffa410d1000 	C:\WINDOWS\System32\RPCRT4.dll
0x00007ffa40510000 - 0x00007ffa40621000 	C:\WINDOWS\System32\ucrtbase.dll
0x00007ffa31420000 - 0x00007ffa31439000 	C:\Program Files\Java\jdk-21\bin\jli.dll
0x00007ffa2c2f0000 - 0x00007ffa2c30b000 	C:\Program Files\Java\jdk-21\bin\VCRUNTIME140.dll
0x00007ffa40900000 - 0x00007ffa40aad000 	C:\WINDOWS\System32\USER32.dll
0x00007ffa40760000 - 0x00007ffa40786000 	C:\WINDOWS\System32\win32u.dll
0x00007ffa40ba0000 - 0x00007ffa40bca000 	C:\WINDOWS\System32\GDI32.dll
0x00007ffa2a440000 - 0x00007ffa2a6e5000 	C:\WINDOWS\WinSxS\amd64_microsoft.windows.common-controls_6595b64144ccf1df_6.0.22000.120_none_9d947278b86cc467\COMCTL32.dll
0x00007ffa403f0000 - 0x00007ffa4050e000 	C:\WINDOWS\System32\gdi32full.dll
0x00007ffa40790000 - 0x00007ffa4082d000 	C:\WINDOWS\System32\msvcp_win.dll
0x00007ffa34840000 - 0x00007ffa3484a000 	C:\WINDOWS\SYSTEM32\VERSION.dll
0x00007ffa20080000 - 0x00007ffa2010f000 	c:\Users\mamad\AppData\Local\Programs\Trae\resources\app\modules\sandbox\x64\sbox_ipc.dll
0x00007ffa40eb0000 - 0x00007ffa40ee1000 	C:\WINDOWS\System32\IMM32.DLL
0x00007ffa315d0000 - 0x00007ffa317f1000 	C:\WINDOWS\SYSTEM32\dbghelp.dll
0x00007ffa33c80000 - 0x00007ffa33cb1000 	C:\WINDOWS\SYSTEM32\dbgcore.DLL
0x00007ffa31a00000 - 0x00007ffa31a0c000 	C:\Program Files\Java\jdk-21\bin\vcruntime140_1.dll
0x00007ffa163f0000 - 0x00007ffa1647e000 	C:\Program Files\Java\jdk-21\bin\msvcp140.dll
0x00007ff9dd280000 - 0x00007ff9ddf9d000 	C:\Program Files\Java\jdk-21\bin\server\jvm.dll
0x00007ffa40da0000 - 0x00007ffa40e0f000 	C:\WINDOWS\System32\WS2_32.dll
0x00007ffa3f780000 - 0x00007ffa3f7cd000 	C:\WINDOWS\SYSTEM32\POWRPROF.dll
0x00007ffa33a70000 - 0x00007ffa33aa3000 	C:\WINDOWS\SYSTEM32\WINMM.dll
0x00007ffa3f760000 - 0x00007ffa3f773000 	C:\WINDOWS\SYSTEM32\UMPDC.dll
0x00007ffa3eea0000 - 0x00007ffa3eeb8000 	C:\WINDOWS\SYSTEM32\kernel.appcore.dll
0x00007ffa313c0000 - 0x00007ffa313ca000 	C:\Program Files\Java\jdk-21\bin\jimage.dll
0x00007ffa3fe70000 - 0x00007ffa3feef000 	C:\WINDOWS\System32\bcryptPrimitives.dll
0x00007ffa3e9f0000 - 0x00007ffa3ead7000 	C:\WINDOWS\SYSTEM32\dnsapi.dll
0x00007ffa3e9c0000 - 0x00007ffa3e9ed000 	C:\WINDOWS\SYSTEM32\IPHLPAPI.DLL
0x00007ffa41560000 - 0x00007ffa41569000 	C:\WINDOWS\System32\NSI.dll
0x00007ffa28570000 - 0x00007ffa2858f000 	C:\Program Files\Java\jdk-21\bin\java.dll
0x00007ffa41820000 - 0x00007ffa41fe5000 	C:\WINDOWS\System32\SHELL32.dll
0x00007ffa3df00000 - 0x00007ffa3e762000 	C:\WINDOWS\SYSTEM32\windows.storage.dll
0x00007ffa42620000 - 0x00007ffa42996000 	C:\WINDOWS\System32\combase.dll
0x00007ffa3dd90000 - 0x00007ffa3def7000 	C:\WINDOWS\SYSTEM32\wintypes.dll
0x00007ffa40ab0000 - 0x00007ffa40b9a000 	C:\WINDOWS\System32\SHCORE.dll
0x00007ffa41570000 - 0x00007ffa415cd000 	C:\WINDOWS\System32\shlwapi.dll
0x00007ffa3fda0000 - 0x00007ffa3fdc5000 	C:\WINDOWS\SYSTEM32\profapi.dll
0x00007ffa16260000 - 0x00007ffa16337000 	C:\Program Files\Java\jdk-21\bin\jsvml.dll
0x00007ffa31350000 - 0x00007ffa31360000 	C:\Program Files\Java\jdk-21\bin\net.dll
0x00007ffa3a110000 - 0x00007ffa3a224000 	C:\WINDOWS\SYSTEM32\WINHTTP.dll
0x00007ffa3f340000 - 0x00007ffa3f3a7000 	C:\WINDOWS\system32\mswsock.dll
0x00007ffa28550000 - 0x00007ffa28566000 	C:\Program Files\Java\jdk-21\bin\nio.dll
0x00007ffa251c0000 - 0x00007ffa251d8000 	C:\Program Files\Java\jdk-21\bin\zip.dll
0x0000000069ac0000 - 0x0000000069ae4000 	C:\Projects\jorm-project\jorm\apache-maven-3.9.6\lib\jansi-native\Windows\x86_64\jansi.dll
0x00007ffa3d260000 - 0x00007ffa3d270000 	C:\Program Files\Java\jdk-21\bin\verify.dll
0x00007ffa3d4e0000 - 0x00007ffa3d58c000 	C:\WINDOWS\system32\uxtheme.dll
0x00007ffa421f0000 - 0x00007ffa4229f000 	C:\WINDOWS\System32\clbcatq.dll
0x00007ffa377c0000 - 0x00007ffa37fd7000 	C:\Windows\System32\OneCoreUAPCommonProxyStub.dll
0x00007ffa40bd0000 - 0x00007ffa40ca6000 	C:\WINDOWS\System32\oleaut32.dll
0x00007ffa415d0000 - 0x00007ffa4176a000 	C:\WINDOWS\System32\ole32.dll
0x00007ffa3c3d0000 - 0x00007ffa3c4c7000 	C:\WINDOWS\system32\propsys.dll
0x00007ffa3fb70000 - 0x00007ffa3fbbc000 	C:\WINDOWS\SYSTEM32\CFGMGR32.dll
0x00007ffa34ce0000 - 0x00007ffa34e1a000 	C:\Windows\System32\Windows.System.Launcher.dll
0x00007ffa3b410000 - 0x00007ffa3b4a2000 	C:\Windows\System32\msvcp110_win.dll
0x00007ffa34ba0000 - 0x00007ffa34bbb000 	C:\WINDOWS\SYSTEM32\windows.staterepositorycore.dll
0x00007ffa2d3f0000 - 0x00007ffa2d524000 	C:\Windows\System32\Windows.StateRepositoryPS.dll
0x00007ffa3eec0000 - 0x00007ffa3eef4000 	C:\WINDOWS\SYSTEM32\ntmarta.dll
0x00007ffa21ce0000 - 0x00007ffa21d57000 	C:\Windows\System32\Windows.FileExplorer.Common.dll
0x00007ffa38ba0000 - 0x00007ffa38e5e000 	C:\Windows\System32\iertutil.dll
0x00007ffa346b0000 - 0x00007ffa346ee000 	C:\WINDOWS\SYSTEM32\windows.staterepositoryclient.dll
0x00007ffa231b0000 - 0x00007ffa231d2000 	C:\Windows\System32\cldapi.dll
0x00007ffa3f130000 - 0x00007ffa3f172000 	C:\WINDOWS\SYSTEM32\SspiCli.dll
0x00007ffa3f840000 - 0x00007ffa3f867000 	C:\WINDOWS\SYSTEM32\bcrypt.dll
0x00007ffa01640000 - 0x00007ffa0166b000 	C:\WINDOWS\system32\mssprxy.dll
0x00007ffa40cb0000 - 0x00007ffa40d2b000 	C:\WINDOWS\System32\coml2.dll
0x00007ffa3d360000 - 0x00007ffa3d3f2000 	C:\WINDOWS\SYSTEM32\apphelp.dll
0x00007ffa39da0000 - 0x00007ffa39db8000 	C:\WINDOWS\system32\NetworkExplorer.dll

dbghelp: loaded successfully - version: 4.0.5 - missing functions: none
symbol engine: initialized successfully - sym options: 0x614 - pdb path: .;C:\Program Files\Java\jdk-21\bin;C:\WINDOWS\SYSTEM32;c:\Users\mamad\AppData\Local\Programs\Trae\resources\app\modules\sandbox\x64;C:\WINDOWS\WinSxS\amd64_microsoft.windows.common-controls_6595b64144ccf1df_6.0.22000.120_none_9d947278b86cc467;C:\Program Files\Java\jdk-21\bin\server;C:\Projects\jorm-project\jorm\apache-maven-3.9.6\lib\jansi-native\Windows\x86_64

VM Arguments:
jvm_args: -Dclassworlds.conf=C:\Projects\jorm-project\jorm\apache-maven-3.9.6\bin\m2.conf -Dmaven.home=C:\Projects\jorm-project\jorm\apache-maven-3.9.6 -Dlibrary.jansi.path=C:\Projects\jorm-project\jorm\apache-maven-3.9.6\lib\jansi-native -Dmaven.multiModuleProjectDirectory=C:\Projects\jorm-project\jorm 
java_command: org.codehaus.plexus.classworlds.launcher.Launcher install -DskipTests
java_class_path (initial): C:\Projects\jorm-project\jorm\apache-maven-3.9.6\boot\plexus-classworlds-2.7.0.jar
Launcher Type: SUN_STANDARD

[Global flags]
     intx CICompilerCount                          = 3                                         {product} {ergonomic}
     uint ConcGCThreads                            = 1                                         {product} {ergonomic}
     uint G1ConcRefinementThreads                  = 4                                         {product} {ergonomic}
   size_t G1HeapRegionSize                         = 1048576                                   {product} {ergonomic}
    uintx GCDrainStackTargetSize                   = 64                                        {product} {ergonomic}
   size_t InitialHeapSize                          = 134217728                                 {product} {ergonomic}
   size_t MarkStackSize                            = 4194304                                   {product} {ergonomic}
   size_t MaxHeapSize                              = 2116026368                                {product} {ergonomic}
   size_t MaxNewSize                               = 1268776960                                {product} {ergonomic}
   size_t MinHeapDeltaBytes                        = 1048576                                   {product} {ergonomic}
   size_t MinHeapSize                              = 8388608                                   {product} {ergonomic}
    uintx NonNMethodCodeHeapSize                   = 5832780                                {pd product} {ergonomic}
    uintx NonProfiledCodeHeapSize                  = 122912730                              {pd product} {ergonomic}
    uintx ProfiledCodeHeapSize                     = 122912730                              {pd product} {ergonomic}
    uintx ReservedCodeCacheSize                    = 251658240                              {pd product} {ergonomic}
     bool SegmentedCodeCache                       = true                                      {product} {ergonomic}
   size_t SoftMaxHeapSize                          = 2116026368                             {manageable} {ergonomic}
     bool UseCompressedOops                        = true                           {product lp64_product} {ergonomic}
     bool UseG1GC                                  = true                                      {product} {ergonomic}
     bool UseLargePagesIndividualAllocation        = false                                  {pd product} {ergonomic}

Logging:
Log output configuration:
 #0: stdout all=warning uptime,level,tags foldmultilines=false
 #1: stderr all=off uptime,level,tags foldmultilines=false

Environment Variables:
PATH=c:\\Users\\mamad\\.trae\\tools\\trae-gopls\\current;c:\\Users\\mamad\\.trae\\sdks\\workspaces\\3cfc5efe\\versions\\node\\current;c:\\Users\\mamad\\.trae\\sdks\\versions\\node\\current;c:\Users\mamad\.trae\tools\trae-gopls\current;c:\Users\mamad\.trae\sdks\workspaces\3cfc5efe\versions\node\current;c:\Users\mamad\.trae\sdks\versions\node\current;C:\Program Files\Common Files\Oracle\Java\javapath;c:\Users\mamad\AppData\Local\Programs\cursor\resources\app\bin;C:\WINDOWS\system32;C:\WINDOWS;C:\WINDOWS\System32\Wbem;C:\WINDOWS\System32\WindowsPowerShell\v1.0\;C:\WINDOWS\System32\OpenSSH\;C:\Program Files\nodejs\;C:\ProgramData\chocolatey\bin;C:\Program Files\Git\cmd;C:\Program Files\Git\bin;C:\Program Files\MySQL\MySQL Server 8.0\bin;C:\Users\mamad\AppData\Local\Programs\Python\Launcher\;C:\Users\mamad\AppData\Local\Programs\Python\Python313\Scripts\;C:\Users\mamad\AppData\Local\Programs\Python\Python313\;C:\Users\mamad\AppData\Local\Microsoft\WindowsApps;C:\Users\mamad\AppData\Roaming\npm;c:\Users\mamad\AppData\Local\Programs\cursor\resources\app\bin;C:\Program Files\Maven\bin;;C:\Program Files\Docker\Docker\resources\bin;C:\Users\mamad\scoop\shims;c:\Users\mamad\AppData\Local\Programs\Trae\bin;C:\Users\mamad\AppData\Local\Programs\Python\Launcher\;C:\Users\mamad\AppData\Local\Programs\Python\Python313\Scripts\;C:\Users\mamad\AppData\Local\Programs\Python\Python313\;C:\Users\mamad\AppData\Local\Microsoft\WindowsApps;C:\Users\mamad\AppData\Roaming\npm;C:\Program Files\JetBrains\PyCharm Community Edition 2025.1.3.1\bin;;C:\Users\mamad\AppData\Local\Programs\Microsoft VS Code\bin;C:\Program Files\JetBrains\IntelliJ IDEA 2025.3.3\bin;c:\Users\mamad\.trae\extensions\vscjava.vscode-java-debug-0.59.0-universal\bundled\scripts\noConfigScripts
USERNAME=mamad
LANG=en_US.UTF-8
OS=Windows_NT
PROCESSOR_IDENTIFIER=Intel64 Family 6 Model 58 Stepping 9, GenuineIntel
TMP=C:\Users\mamad\AppData\Local\Temp
TEMP=C:\Users\mamad\AppData\Local\Temp




Periodic native trim disabled

---------------  S Y S T E M  ---------------

OS:
 Windows 11 , 64 bit Build 22000 (10.0.22000.2538)
OS uptime: 12 days 21:38 hours
Hyper-V role detected

CPU: total 4 (initial active 4) (4 cores per cpu, 1 threads per core) family 6 model 58 stepping 9 microcode 0x21, cx8, cmov, fxsr, mmx, sse, sse2, sse3, ssse3, sse4.1, sse4.2, popcnt, tsc, tscinvbit, avx, aes, erms, clmul, vzeroupper, clflush, hv, rdtscp, f16c
Processor Information for all 4 processors :
  Max Mhz: 3401, Current Mhz: 3401, Mhz Limit: 3401

Memory: 4k page, system-wide physical 8066M (503M free)
TotalPageFile size 21911M (AvailPageFile size 0M)
current process WorkingSet (physical memory assigned to process): 291M, peak: 297M
current process commit charge ("private bytes"): 362M, peak: 362M

vm_info: Java HotSpot(TM) 64-Bit Server VM (21.0.9+7-LTS-338) for windows-amd64 JRE (21.0.9+7-LTS-338), built on 2025-09-26T06:33:49Z by "mach5run" with MS VC++ 17.6 (VS2022)

END.
